# JRE version: Java(TM) SE Runtime Environment (22.0+36) (build 22+36-2370)
# Java VM: Java HotSpot(TM) 64-Bit Server VM (22+36-2370, mixed mode, sharing, tiered, compressed oops, compressed class ptrs, g1 gc, windows-amd64)
GC Precious Log:
 CardTable entry size: 512
 Card Set container configuration: InlinePtr #cards 4 size 8 Array Of Cards #cards 32 size 80 Howl #buckets 8 coarsen threshold 7372 Howl Bitmap #cards 1024 size 144 coarsen threshold 921 Card regions per heap region 1 cards per card region 8192
 CPUs: 4 total, 4 available
 Memory: 32594M
 Large Page Support: Disabled
 NUMA Support: Disabled
 Compressed Oops: Enabled (Zero based)
 Heap Region Size: 4M
 Heap Min Capacity: 8M
 Heap Initial Capacity: 512M
 Heap Max Capacity: 8152M
 Pre-touch: Disabled
 Parallel Workers: 4
 Concurrent Workers: 1
 Concurrent Refinement Workers: 4
 Periodic GC: Disabled
Heap:
 garbage-first heap   total reserved 8347648K, committed 204800K, used 114951K [0x0000000602800000, 0x0000000800000000)
  region size 4096K, 8 young (32768K), 2 survivors (8192K)
 Metaspace       used 96034K, committed 96768K, reserved 1179648K
  class space    used 12096K, committed 12416K, reserved 1048576K
GC Heap History (20 events):
Event: 7.525 GC heap before
{Heap before GC invocations=14 (full 0):
 garbage-first heap   total reserved 8347648K, committed 110592K, used 53502K [0x0000000602800000, 0x0000000800000000)
  region size 4096K, 6 young (24576K), 2 survivors (8192K)
 Metaspace       used 59542K, committed 60096K, reserved 1114112K
  class space    used 7398K, committed 7680K, reserved 1048576K
}
Event: 7.531 GC heap after
{Heap after GC invocations=15 (full 0):
 garbage-first heap   total reserved 8347648K, committed 110592K, used 42203K [0x0000000602800000, 0x0000000800000000)
  region size 4096K, 1 young (4096K), 1 survivors (4096K)
 Metaspace       used 59542K, committed 60096K, reserved 1114112K
  class space    used 7398K, committed 7680K, reserved 1048576K
}
Event: 8.192 GC heap before
{Heap before GC invocations=16 (full 0):
 garbage-first heap   total reserved 8347648K, committed 110592K, used 95451K [0x0000000602800000, 0x0000000800000000)
  region size 4096K, 14 young (57344K), 1 survivors (4096K)
 Metaspace       used 65788K, committed 66368K, reserved 1114112K
  class space    used 8427K, committed 8704K, reserved 1048576K
}
Event: 8.195 GC heap after
{Heap after GC invocations=17 (full 0):
 garbage-first heap   total reserved 8347648K, committed 110592K, used 42912K [0x0000000602800000, 0x0000000800000000)
  region size 4096K, 1 young (4096K), 1 survivors (4096K)
 Metaspace       used 65788K, committed 66368K, reserved 1114112K
  class space    used 8427K, committed 8704K, reserved 1048576K
}
Event: 8.474 GC heap before
{Heap before GC invocations=17 (full 0):
 garbage-first heap   total reserved 8347648K, committed 110592K, used 96160K [0x0000000602800000, 0x0000000800000000)
  region size 4096K, 14 young (57344K), 1 survivors (4096K)
 Metaspace       used 66500K, committed 67072K, reserved 1114112K
  class space    used 8501K, committed 8768K, reserved 1048576K
}
Event: 8.479 GC heap after
{Heap after GC invocations=18 (full 0):
 garbage-first heap   total reserved 8347648K, committed 110592K, used 42583K [0x0000000602800000, 0x0000000800000000)
  region size 4096K, 1 young (4096K), 1 survivors (4096K)
 Metaspace       used 66500K, committed 67072K, reserved 1114112K
  class space    used 8501K, committed 8768K, reserved 1048576K
}
Event: 9.202 GC heap before
{Heap before GC invocations=18 (full 0):
 garbage-first heap   total reserved 8347648K, committed 110592K, used 95831K [0x0000000602800000, 0x0000000800000000)
  region size 4096K, 14 young (57344K), 1 survivors (4096K)
 Metaspace       used 72423K, committed 73024K, reserved 1114112K
  class space    used 9236K, committed 9536K, reserved 1048576K
}
Event: 9.210 GC heap after
{Heap after GC invocations=19 (full 0):
 garbage-first heap   total reserved 8347648K, committed 110592K, used 51587K [0x0000000602800000, 0x0000000800000000)
  region size 4096K, 2 young (8192K), 2 survivors (8192K)
 Metaspace       used 72423K, committed 73024K, reserved 1114112K
  class space    used 9236K, committed 9536K, reserved 1048576K
}
Event: 9.850 GC heap before
{Heap before GC invocations=19 (full 0):
 garbage-first heap   total reserved 8347648K, committed 110592K, used 88451K [0x0000000602800000, 0x0000000800000000)
  region size 4096K, 12 young (49152K), 2 survivors (8192K)
 Metaspace       used 78795K, committed 79424K, reserved 1179648K
  class space    used 10346K, committed 10624K, reserved 1048576K
}
Event: 9.859 GC heap after
{Heap after GC invocations=20 (full 0):
 garbage-first heap   total reserved 8347648K, committed 110592K, used 56096K [0x0000000602800000, 0x0000000800000000)
  region size 4096K, 1 young (4096K), 1 survivors (4096K)
 Metaspace       used 78795K, committed 79424K, reserved 1179648K
  class space    used 10346K, committed 10624K, reserved 1048576K
}
Event: 10.287 GC heap before
{Heap before GC invocations=20 (full 0):
 garbage-first heap   total reserved 8347648K, committed 110592K, used 97056K [0x0000000602800000, 0x0000000800000000)
  region size 4096K, 11 young (45056K), 1 survivors (4096K)
 Metaspace       used 80000K, committed 80576K, reserved 1179648K
  class space    used 10431K, committed 10688K, reserved 1048576K
}
Event: 10.292 GC heap after
{Heap after GC invocations=21 (full 0):
 garbage-first heap   total reserved 8347648K, committed 319488K, used 59013K [0x0000000602800000, 0x0000000800000000)
  region size 4096K, 2 young (8192K), 2 survivors (8192K)
 Metaspace       used 80000K, committed 80576K, reserved 1179648K
  class space    used 10431K, committed 10688K, reserved 1048576K
}
Event: 11.351 GC heap before
{Heap before GC invocations=22 (full 0):
 garbage-first heap   total reserved 8347648K, committed 204800K, used 173701K [0x0000000602800000, 0x0000000800000000)
  region size 4096K, 30 young (122880K), 2 survivors (8192K)
 Metaspace       used 82341K, committed 83008K, reserved 1179648K
  class space    used 10537K, committed 10816K, reserved 1048576K
}
Event: 11.364 GC heap after
{Heap after GC invocations=23 (full 0):
 garbage-first heap   total reserved 8347648K, committed 204800K, used 68873K [0x0000000602800000, 0x0000000800000000)
  region size 4096K, 4 young (16384K), 4 survivors (16384K)
 Metaspace       used 82341K, committed 83008K, reserved 1179648K
  class space    used 10537K, committed 10816K, reserved 1048576K
}
Event: 12.109 GC heap before
{Heap before GC invocations=23 (full 0):
 garbage-first heap   total reserved 8347648K, committed 204800K, used 171273K [0x0000000602800000, 0x0000000800000000)
  region size 4096K, 29 young (118784K), 4 survivors (16384K)
 Metaspace       used 84597K, committed 85184K, reserved 1179648K
  class space    used 10681K, committed 10944K, reserved 1048576K
}
Event: 12.126 GC heap after
{Heap after GC invocations=24 (full 0):
 garbage-first heap   total reserved 8347648K, committed 204800K, used 79067K [0x0000000602800000, 0x0000000800000000)
  region size 4096K, 3 young (12288K), 3 survivors (12288K)
 Metaspace       used 84597K, committed 85184K, reserved 1179648K
  class space    used 10681K, committed 10944K, reserved 1048576K
}
Event: 13.010 GC heap before
{Heap before GC invocations=24 (full 0):
 garbage-first heap   total reserved 8347648K, committed 204800K, used 177371K [0x0000000602800000, 0x0000000800000000)
  region size 4096K, 27 young (110592K), 3 survivors (12288K)
 Metaspace       used 87675K, committed 88384K, reserved 1179648K
  class space    used 10982K, committed 11328K, reserved 1048576K
}
Event: 13.022 GC heap after
{Heap after GC invocations=25 (full 0):
 garbage-first heap   total reserved 8347648K, committed 204800K, used 88055K [0x0000000602800000, 0x0000000800000000)
  region size 4096K, 3 young (12288K), 3 survivors (12288K)
 Metaspace       used 87675K, committed 88384K, reserved 1179648K
  class space    used 10982K, committed 11328K, reserved 1048576K
}
Event: 25.393 GC heap before
{Heap before GC invocations=25 (full 0):
 garbage-first heap   total reserved 8347648K, committed 204800K, used 178167K [0x0000000602800000, 0x0000000800000000)
  region size 4096K, 25 young (102400K), 3 survivors (12288K)
 Metaspace       used 91781K, committed 92480K, reserved 1179648K
  class space    used 11556K, committed 11840K, reserved 1048576K
}
Event: 25.406 GC heap after
{Heap after GC invocations=26 (full 0):
 garbage-first heap   total reserved 8347648K, committed 204800K, used 94471K [0x0000000602800000, 0x0000000800000000)
  region size 4096K, 2 young (8192K), 2 survivors (8192K)
 Metaspace       used 91781K, committed 92480K, reserved 1179648K
  class space    used 11556K, committed 11840K, reserved 1048576K
}

